<?xml version="1.0" encoding="UTF-8"?>
<!-- Generated by org.testng.reporters.JUnitXMLReporter -->
<testsuite ignored="0" hostname="Meena" failures="0" tests="4" name="Test" time="46.349" errors="0" timestamp="2023-07-31T20:17:24 IST">
  <testcase classname="eCommerceProject.Flipkart" name="flipkartTest" time="15.238"/>
  <testcase classname="eCommerceProject.Myntra" name="myntraTest" time="14.381"/>
  <testcase classname="eCommerceProject.Amazon" name="amazonTest" time="7.223"/>
  <testcase classname="eCommerceProject.lifestyle" name="lifestyleTest" time="9.422"/>
</testsuite> <!-- Test -->
