<?xml version="1.0" encoding="UTF-8"?>
<!-- Generated by org.testng.reporters.JUnitXMLReporter -->
<testsuite ignored="0" hostname="Meena" failures="0" tests="3" name="Test" time="54.813" errors="0" timestamp="2023-07-31T20:09:24 IST">
  <testcase classname="eCommerceProject.Flipkart" name="flipkartTest" time="25.241"/>
  <testcase classname="eCommerceProject.Myntra" name="myntraTest" time="20.32"/>
  <testcase classname="eCommerceProject.Amazon" name="amazonTest" time="9.184"/>
</testsuite> <!-- Test -->
