<?xml version="1.0" encoding="UTF-8"?>
<testng-results ignored="0" total="3" passed="3" failed="0" skipped="0">
  <reporter-output>
    <line>
      <![CDATA[opening flipkart]]>
    </line>
    <line>
      <![CDATA[opening myntra]]>
    </line>
    <line>
      <![CDATA[opening amazon]]>
    </line>
  </reporter-output>
  <suite started-at="2023-07-31T20:08:29 IST" name="Suite" finished-at="2023-07-31T20:09:24 IST" duration-ms="54813">
    <groups>
    </groups>
    <test started-at="2023-07-31T20:08:29 IST" name="Test" finished-at="2023-07-31T20:09:24 IST" duration-ms="54813">
      <class name="eCommerceProject.Flipkart">
        <test-method signature="flipkartTest()[pri:0, instance:eCommerceProject.Flipkart@63355449]" started-at="2023-07-31T20:08:29 IST" name="flipkartTest" finished-at="2023-07-31T20:08:54 IST" duration-ms="25241" status="PASS">
          <reporter-output>
            <line>
              <![CDATA[opening flipkart]]>
            </line>
          </reporter-output>
        </test-method> <!-- flipkartTest -->
      </class> <!-- eCommerceProject.Flipkart -->
      <class name="eCommerceProject.Myntra">
        <test-method signature="myntraTest()[pri:0, instance:eCommerceProject.Myntra@1ddf84b8]" started-at="2023-07-31T20:08:54 IST" name="myntraTest" finished-at="2023-07-31T20:09:14 IST" duration-ms="20320" status="PASS">
          <reporter-output>
            <line>
              <![CDATA[opening myntra]]>
            </line>
          </reporter-output>
        </test-method> <!-- myntraTest -->
      </class> <!-- eCommerceProject.Myntra -->
      <class name="eCommerceProject.Amazon">
        <test-method signature="amazonTest()[pri:0, instance:eCommerceProject.Amazon@1139b2f3]" started-at="2023-07-31T20:09:14 IST" name="amazonTest" finished-at="2023-07-31T20:09:24 IST" duration-ms="9184" status="PASS">
          <reporter-output>
            <line>
              <![CDATA[opening amazon]]>
            </line>
          </reporter-output>
        </test-method> <!-- amazonTest -->
      </class> <!-- eCommerceProject.Amazon -->
    </test> <!-- Test -->
  </suite> <!-- Suite -->
</testng-results>
